# JRE version: Java(TM) SE Runtime Environment (24.0+36) (build 24+36-3646)
# Java VM: Java HotSpot(TM) 64-Bit Server VM (24+36-3646, mixed mode, emulated-client, sharing, tiered, compressed oops, compressed class ptrs, g1 gc, windows-amd64)
GC Precious Log:
 CardTable entry size: 512
 Card Set container configuration: InlinePtr #cards 4 size 8 Array Of Cards #cards 16 size 48 Howl #buckets 8 coarsen threshold 3686 Howl Bitmap #cards 512 size 80 coarsen threshold 460 Card regions per heap region 1 cards per card region 4096
 CPUs: 12 total, 12 available
 Memory: 16091M
 Large Page Support: Disabled
 NUMA Support: Disabled
 Compressed Oops: Enabled (Zero based)
 Heap Region Size: 2M
 Heap Min Capacity: 8M
 Heap Initial Capacity: 252M
 Heap Max Capacity: 4024M
 Pre-touch: Disabled
 Parallel Workers: 10
 Concurrent Workers: 3
 Concurrent Refinement Workers: 10
 Periodic GC: Disabled
Heap:
 garbage-first heap   total reserved 4120576K, committed 98304K, used 76104K [0x0000000704800000, 0x0000000800000000)
  region size 2048K, 17 young (34816K), 2 survivors (4096K)
 Metaspace       used 86692K, committed 87488K, reserved 1179648K
  class space    used 9948K, committed 10240K, reserved 1048576K
GC Heap History (20 events):
Event: 3.590 GC heap before
{Heap before GC invocations=10 (full 0):
 garbage-first heap   total reserved 4120576K, committed 81920K, used 65012K [0x0000000704800000, 0x0000000800000000)
  region size 2048K, 20 young (40960K), 1 survivors (2048K)
 Metaspace       used 51466K, committed 51968K, reserved 1114112K
  class space    used 5630K, committed 5824K, reserved 1048576K
}
Event: 3.593 GC heap after
{Heap after GC invocations=11 (full 0):
 garbage-first heap   total reserved 4120576K, committed 81920K, used 32172K [0x0000000704800000, 0x0000000800000000)
  region size 2048K, 2 young (4096K), 2 survivors (4096K)
 Metaspace       used 51466K, committed 51968K, reserved 1114112K
  class space    used 5630K, committed 5824K, reserved 1048576K
}
Event: 4.074 GC heap before
{Heap before GC invocations=11 (full 0):
 garbage-first heap   total reserved 4120576K, committed 81920K, used 60844K [0x0000000704800000, 0x0000000800000000)
  region size 2048K, 18 young (36864K), 2 survivors (4096K)
 Metaspace       used 59854K, committed 60288K, reserved 1114112K
  class space    used 6464K, committed 6656K, reserved 1048576K
}
Event: 4.078 GC heap after
{Heap after GC invocations=12 (full 0):
 garbage-first heap   total reserved 4120576K, committed 81920K, used 32092K [0x0000000704800000, 0x0000000800000000)
  region size 2048K, 3 young (6144K), 3 survivors (6144K)
 Metaspace       used 59854K, committed 60288K, reserved 1114112K
  class space    used 6464K, committed 6656K, reserved 1048576K
}
Event: 4.685 GC heap before
{Heap before GC invocations=13 (full 0):
 garbage-first heap   total reserved 4120576K, committed 81920K, used 68956K [0x0000000704800000, 0x0000000800000000)
  region size 2048K, 21 young (43008K), 3 survivors (6144K)
 Metaspace       used 67045K, committed 67712K, reserved 1114112K
  class space    used 7384K, committed 7680K, reserved 1048576K
}
Event: 4.689 GC heap after
{Heap after GC invocations=14 (full 0):
 garbage-first heap   total reserved 4120576K, committed 81920K, used 33746K [0x0000000704800000, 0x0000000800000000)
  region size 2048K, 2 young (4096K), 2 survivors (4096K)
 Metaspace       used 67045K, committed 67712K, reserved 1114112K
  class space    used 7384K, committed 7680K, reserved 1048576K
}
Event: 5.095 GC heap before
{Heap before GC invocations=14 (full 0):
 garbage-first heap   total reserved 4120576K, committed 81920K, used 70610K [0x0000000704800000, 0x0000000800000000)
  region size 2048K, 20 young (40960K), 2 survivors (4096K)
 Metaspace       used 71335K, committed 71872K, reserved 1114112K
  class space    used 7871K, committed 8128K, reserved 1048576K
}
Event: 5.102 GC heap after
{Heap after GC invocations=15 (full 0):
 garbage-first heap   total reserved 4120576K, committed 81920K, used 36455K [0x0000000704800000, 0x0000000800000000)
  region size 2048K, 3 young (6144K), 3 survivors (6144K)
 Metaspace       used 71335K, committed 71872K, reserved 1114112K
  class space    used 7871K, committed 8128K, reserved 1048576K
}
Event: 5.446 GC heap before
{Heap before GC invocations=15 (full 0):
 garbage-first heap   total reserved 4120576K, committed 81920K, used 69223K [0x0000000704800000, 0x0000000800000000)
  region size 2048K, 19 young (38912K), 3 survivors (6144K)
 Metaspace       used 74235K, committed 74880K, reserved 1179648K
  class space    used 8234K, committed 8512K, reserved 1048576K
}
Event: 5.450 GC heap after
{Heap after GC invocations=16 (full 0):
 garbage-first heap   total reserved 4120576K, committed 81920K, used 39368K [0x0000000704800000, 0x0000000800000000)
  region size 2048K, 2 young (4096K), 2 survivors (4096K)
 Metaspace       used 74235K, committed 74880K, reserved 1179648K
  class space    used 8234K, committed 8512K, reserved 1048576K
}
Event: 5.704 GC heap before
{Heap before GC invocations=16 (full 0):
 garbage-first heap   total reserved 4120576K, committed 81920K, used 70088K [0x0000000704800000, 0x0000000800000000)
  region size 2048K, 18 young (36864K), 2 survivors (4096K)
 Metaspace       used 76065K, committed 76736K, reserved 1179648K
  class space    used 8467K, committed 8768K, reserved 1048576K
}
Event: 5.711 GC heap after
{Heap after GC invocations=17 (full 0):
 garbage-first heap   total reserved 4120576K, committed 81920K, used 41955K [0x0000000704800000, 0x0000000800000000)
  region size 2048K, 3 young (6144K), 3 survivors (6144K)
 Metaspace       used 76065K, committed 76736K, reserved 1179648K
  class space    used 8467K, committed 8768K, reserved 1048576K
}
Event: 5.951 GC heap before
{Heap before GC invocations=18 (full 0):
 garbage-first heap   total reserved 4120576K, committed 81920K, used 70627K [0x0000000704800000, 0x0000000800000000)
  region size 2048K, 17 young (34816K), 3 survivors (6144K)
 Metaspace       used 76824K, committed 77568K, reserved 1179648K
  class space    used 8640K, committed 8960K, reserved 1048576K
}
Event: 5.958 GC heap after
{Heap after GC invocations=19 (full 0):
 garbage-first heap   total reserved 4120576K, committed 81920K, used 43506K [0x0000000704800000, 0x0000000800000000)
  region size 2048K, 3 young (6144K), 3 survivors (6144K)
 Metaspace       used 76824K, committed 77568K, reserved 1179648K
  class space    used 8640K, committed 8960K, reserved 1048576K
}
Event: 6.488 GC heap before
{Heap before GC invocations=19 (full 0):
 garbage-first heap   total reserved 4120576K, committed 81920K, used 70130K [0x0000000704800000, 0x0000000800000000)
  region size 2048K, 16 young (32768K), 3 survivors (6144K)
 Metaspace       used 78192K, committed 78976K, reserved 1179648K
  class space    used 8858K, committed 9216K, reserved 1048576K
}
Event: 6.498 GC heap after
{Heap after GC invocations=20 (full 0):
 garbage-first heap   total reserved 4120576K, committed 98304K, used 44438K [0x0000000704800000, 0x0000000800000000)
  region size 2048K, 2 young (4096K), 2 survivors (4096K)
 Metaspace       used 78192K, committed 78976K, reserved 1179648K
  class space    used 8858K, committed 9216K, reserved 1048576K
}
Event: 276.105 GC heap before
{Heap before GC invocations=20 (full 0):
 garbage-first heap   total reserved 4120576K, committed 98304K, used 85398K [0x0000000704800000, 0x0000000800000000)
  region size 2048K, 23 young (47104K), 2 survivors (4096K)
 Metaspace       used 84572K, committed 85376K, reserved 1179648K
  class space    used 9668K, committed 9984K, reserved 1048576K
}
Event: 276.112 GC heap after
{Heap after GC invocations=21 (full 0):
 garbage-first heap   total reserved 4120576K, committed 98304K, used 47222K [0x0000000704800000, 0x0000000800000000)
  region size 2048K, 3 young (6144K), 3 survivors (6144K)
 Metaspace       used 84572K, committed 85376K, reserved 1179648K
  class space    used 9668K, committed 9984K, reserved 1048576K
}
Event: 1440.505 GC heap before
{Heap before GC invocations=21 (full 0):
 garbage-first heap   total reserved 4120576K, committed 98304K, used 84086K [0x0000000704800000, 0x0000000800000000)
  region size 2048K, 21 young (43008K), 3 survivors (6144K)
 Metaspace       used 85682K, committed 86464K, reserved 1179648K
  class space    used 9817K, committed 10112K, reserved 1048576K
}
Event: 1440.510 GC heap after
{Heap after GC invocations=22 (full 0):
 garbage-first heap   total reserved 4120576K, committed 98304K, used 47432K [0x0000000704800000, 0x0000000800000000)
  region size 2048K, 2 young (4096K), 2 survivors (4096K)
 Metaspace       used 85682K, committed 86464K, reserved 1179648K
  class space    used 9817K, committed 10112K, reserved 1048576K
}

